nohup: ignoring input

> server@1.0.0 dev
> node --watch index.js

[dotenv@17.3.1] injecting env (0) from .env -- tip: ⚙️  override existing env vars with { override: true }
Realtime Server API is running on port 3001
SQLite Connected & All tables checked.
Restarting 'index.js'
[dotenv@17.3.1] injecting env (0) from .env -- tip: ⚙️  suppress all logs with { quiet: true }
Realtime Server API is running on port 3001
SQLite Connected & All tables checked.
Restarting 'index.js'
[dotenv@17.3.1] injecting env (0) from .env -- tip: ⚙️  suppress all logs with { quiet: true }
Realtime Server API is running on port 3001
SQLite Connected & All tables checked.
Restarting 'index.js'
[dotenv@17.3.1] injecting env (0) from .env -- tip: ⚙️  enable debug logging with { debug: true }
Realtime Server API is running on port 3001
SQLite Connected & All tables checked.
Restarting 'index.js'
[dotenv@17.3.1] injecting env (0) from .env -- tip: ⚙️  suppress all logs with { quiet: true }
Realtime Server API is running on port 3001
SQLite Connected & All tables checked.
Restarting 'index.js'
[dotenv@17.3.1] injecting env (0) from .env -- tip: 🛡️ auth for agents: https://vestauth.com
Realtime Server API is running on port 3001
SQLite Connected & All tables checked.
Restarting 'index.js'
[dotenv@17.3.1] injecting env (0) from .env -- tip: 🛡️ auth for agents: https://vestauth.com
Realtime Server API is running on port 3001
SQLite Connected & All tables checked.
Failed running 'index.js'. Waiting for file changes before restarting...
Restarting 'index.js'
[dotenv@17.3.1] injecting env (0) from .env -- tip: ⚙️  load multiple .env files with { path: ['.env.local', '.env'] }
node:events:497
      throw er; // Unhandled 'error' event
      ^

Error: listen EADDRINUSE: address already in use :::3001
    at Server.setupListenHandle [as _listen2] (node:net:1940:16)
    at listenInCluster (node:net:1997:12)
    at Server.listen (node:net:2102:7)
    at file:///home/masterchiefff/Documents/RippliFy/server/index.js:41:8
    at ModuleJob.run (node:internal/modules/esm/module_job:345:25)
    at process.processTicksAndRejections (node:internal/process/task_queues:105:5)
    at async onImport.tracePromise.__proto__ (node:internal/modules/esm/loader:651:26)
    at async asyncRunEntryPointWithESMLoader (node:internal/modules/run_main:117:5)
Emitted 'error' event on Server instance at:
    at emitErrorNT (node:net:1976:8)
    at process.processTicksAndRejections (node:internal/process/task_queues:90:21) {
  code: 'EADDRINUSE',
  errno: -98,
  syscall: 'listen',
  address: '::',
  port: 3001
}

Node.js v22.19.0
Failed running 'index.js'. Waiting for file changes before restarting...
Restarting 'index.js'
[dotenv@17.3.1] injecting env (0) from .env -- tip: ⚙️  enable debug logging with { debug: true }
node:events:497
      throw er; // Unhandled 'error' event
      ^

Error: listen EADDRINUSE: address already in use :::3001
    at Server.setupListenHandle [as _listen2] (node:net:1940:16)
    at listenInCluster (node:net:1997:12)
    at Server.listen (node:net:2102:7)
    at file:///home/masterchiefff/Documents/RippliFy/server/index.js:41:8
    at ModuleJob.run (node:internal/modules/esm/module_job:345:25)
    at process.processTicksAndRejections (node:internal/process/task_queues:105:5)
    at async onImport.tracePromise.__proto__ (node:internal/modules/esm/loader:651:26)
    at async asyncRunEntryPointWithESMLoader (node:internal/modules/run_main:117:5)
Emitted 'error' event on Server instance at:
    at emitErrorNT (node:net:1976:8)
    at process.processTicksAndRejections (node:internal/process/task_queues:90:21) {
  code: 'EADDRINUSE',
  errno: -98,
  syscall: 'listen',
  address: '::',
  port: 3001
}

Node.js v22.19.0
Failed running 'index.js'. Waiting for file changes before restarting...
Restarting 'index.js'
[dotenv@17.3.1] injecting env (0) from .env -- tip: 🛠️  run anywhere with `dotenvx run -- yourcommand`
node:events:497
      throw er; // Unhandled 'error' event
      ^

Error: listen EADDRINUSE: address already in use :::3001
    at Server.setupListenHandle [as _listen2] (node:net:1940:16)
    at listenInCluster (node:net:1997:12)
    at Server.listen (node:net:2102:7)
    at file:///home/masterchiefff/Documents/RippliFy/server/index.js:41:8
    at ModuleJob.run (node:internal/modules/esm/module_job:345:25)
    at process.processTicksAndRejections (node:internal/process/task_queues:105:5)
    at async onImport.tracePromise.__proto__ (node:internal/modules/esm/loader:651:26)
    at async asyncRunEntryPointWithESMLoader (node:internal/modules/run_main:117:5)
Emitted 'error' event on Server instance at:
    at emitErrorNT (node:net:1976:8)
    at process.processTicksAndRejections (node:internal/process/task_queues:90:21) {
  code: 'EADDRINUSE',
  errno: -98,
  syscall: 'listen',
  address: '::',
  port: 3001
}

Node.js v22.19.0
Failed running 'index.js'. Waiting for file changes before restarting...
Restarting 'index.js'
[dotenv@17.3.1] injecting env (0) from .env -- tip: 🔐 prevent building .env in docker: https://dotenvx.com/prebuild
node:events:497
      throw er; // Unhandled 'error' event
      ^

Error: listen EADDRINUSE: address already in use :::3001
    at Server.setupListenHandle [as _listen2] (node:net:1940:16)
    at listenInCluster (node:net:1997:12)
    at Server.listen (node:net:2102:7)
    at file:///home/masterchiefff/Documents/RippliFy/server/index.js:41:8
    at ModuleJob.run (node:internal/modules/esm/module_job:345:25)
    at process.processTicksAndRejections (node:internal/process/task_queues:105:5)
    at async onImport.tracePromise.__proto__ (node:internal/modules/esm/loader:651:26)
    at async asyncRunEntryPointWithESMLoader (node:internal/modules/run_main:117:5)
Emitted 'error' event on Server instance at:
    at emitErrorNT (node:net:1976:8)
    at process.processTicksAndRejections (node:internal/process/task_queues:90:21) {
  code: 'EADDRINUSE',
  errno: -98,
  syscall: 'listen',
  address: '::',
  port: 3001
}

Node.js v22.19.0
Failed running 'index.js'. Waiting for file changes before restarting...
Restarting 'index.js'
[dotenv@17.3.1] injecting env (0) from .env -- tip: ⚙️  write to custom object with { processEnv: myObject }
node:events:497
      throw er; // Unhandled 'error' event
      ^

Error: listen EADDRINUSE: address already in use :::3001
    at Server.setupListenHandle [as _listen2] (node:net:1940:16)
    at listenInCluster (node:net:1997:12)
    at Server.listen (node:net:2102:7)
    at file:///home/masterchiefff/Documents/RippliFy/server/index.js:41:8
    at ModuleJob.run (node:internal/modules/esm/module_job:345:25)
    at process.processTicksAndRejections (node:internal/process/task_queues:105:5)
    at async onImport.tracePromise.__proto__ (node:internal/modules/esm/loader:651:26)
    at async asyncRunEntryPointWithESMLoader (node:internal/modules/run_main:117:5)
Emitted 'error' event on Server instance at:
    at emitErrorNT (node:net:1976:8)
    at process.processTicksAndRejections (node:internal/process/task_queues:90:21) {
  code: 'EADDRINUSE',
  errno: -98,
  syscall: 'listen',
  address: '::',
  port: 3001
}

Node.js v22.19.0
Failed running 'index.js'. Waiting for file changes before restarting...
Restarting 'index.js'
[dotenv@17.3.1] injecting env (0) from .env -- tip: 🔐 encrypt with Dotenvx: https://dotenvx.com
node:events:497
      throw er; // Unhandled 'error' event
      ^

Error: listen EADDRINUSE: address already in use :::3001
    at Server.setupListenHandle [as _listen2] (node:net:1940:16)
    at listenInCluster (node:net:1997:12)
    at Server.listen (node:net:2102:7)
    at file:///home/masterchiefff/Documents/RippliFy/server/index.js:43:8
    at ModuleJob.run (node:internal/modules/esm/module_job:345:25)
    at process.processTicksAndRejections (node:internal/process/task_queues:105:5)
    at async onImport.tracePromise.__proto__ (node:internal/modules/esm/loader:651:26)
    at async asyncRunEntryPointWithESMLoader (node:internal/modules/run_main:117:5)
Emitted 'error' event on Server instance at:
    at emitErrorNT (node:net:1976:8)
    at process.processTicksAndRejections (node:internal/process/task_queues:90:21) {
  code: 'EADDRINUSE',
  errno: -98,
  syscall: 'listen',
  address: '::',
  port: 3001
}

Node.js v22.19.0
Failed running 'index.js'. Waiting for file changes before restarting...
Restarting 'index.js'
[dotenv@17.3.1] injecting env (0) from .env -- tip: ⚙️  suppress all logs with { quiet: true }
node:events:497
      throw er; // Unhandled 'error' event
      ^

Error: listen EADDRINUSE: address already in use :::3001
    at Server.setupListenHandle [as _listen2] (node:net:1940:16)
    at listenInCluster (node:net:1997:12)
    at Server.listen (node:net:2102:7)
    at file:///home/masterchiefff/Documents/RippliFy/server/index.js:43:8
    at ModuleJob.run (node:internal/modules/esm/module_job:345:25)
    at process.processTicksAndRejections (node:internal/process/task_queues:105:5)
    at async onImport.tracePromise.__proto__ (node:internal/modules/esm/loader:651:26)
    at async asyncRunEntryPointWithESMLoader (node:internal/modules/run_main:117:5)
Emitted 'error' event on Server instance at:
    at emitErrorNT (node:net:1976:8)
    at process.processTicksAndRejections (node:internal/process/task_queues:90:21) {
  code: 'EADDRINUSE',
  errno: -98,
  syscall: 'listen',
  address: '::',
  port: 3001
}

Node.js v22.19.0
Failed running 'index.js'. Waiting for file changes before restarting...
Restarting 'index.js'
file:///home/masterchiefff/Documents/RippliFy/server/routes/adminRoutes.js:13
router.get('/stats', protect, admin, getPlatformStats);
                                     ^

ReferenceError: getPlatformStats is not defined
    at file:///home/masterchiefff/Documents/RippliFy/server/routes/adminRoutes.js:13:38
    at ModuleJob.run (node:internal/modules/esm/module_job:345:25)
    at process.processTicksAndRejections (node:internal/process/task_queues:105:5)
    at async onImport.tracePromise.__proto__ (node:internal/modules/esm/loader:651:26)
    at async asyncRunEntryPointWithESMLoader (node:internal/modules/run_main:117:5)

Node.js v22.19.0
Failed running 'index.js'. Waiting for file changes before restarting...
Restarting 'index.js'
file:///home/masterchiefff/Documents/RippliFy/server/routes/adminRoutes.js:13
router.get('/stats', protect, admin, getPlatformStats);
                                     ^

ReferenceError: getPlatformStats is not defined
    at file:///home/masterchiefff/Documents/RippliFy/server/routes/adminRoutes.js:13:38
    at ModuleJob.run (node:internal/modules/esm/module_job:345:25)
    at process.processTicksAndRejections (node:internal/process/task_queues:105:5)
    at async onImport.tracePromise.__proto__ (node:internal/modules/esm/loader:651:26)
    at async asyncRunEntryPointWithESMLoader (node:internal/modules/run_main:117:5)

Node.js v22.19.0
Failed running 'index.js'. Waiting for file changes before restarting...
Restarting 'index.js'
file:///home/masterchiefff/Documents/RippliFy/server/routes/adminRoutes.js:13
router.get('/stats', protect, admin, getPlatformStats);
                                     ^

ReferenceError: getPlatformStats is not defined
    at file:///home/masterchiefff/Documents/RippliFy/server/routes/adminRoutes.js:13:38
    at ModuleJob.run (node:internal/modules/esm/module_job:345:25)
    at process.processTicksAndRejections (node:internal/process/task_queues:105:5)
    at async onImport.tracePromise.__proto__ (node:internal/modules/esm/loader:651:26)
    at async asyncRunEntryPointWithESMLoader (node:internal/modules/run_main:117:5)

Node.js v22.19.0
Failed running 'index.js'. Waiting for file changes before restarting...
Restarting 'index.js'
file:///home/masterchiefff/Documents/RippliFy/server/routes/adminRoutes.js:13
router.get('/stats', protect, admin, getPlatformStats);
                                     ^

ReferenceError: getPlatformStats is not defined
    at file:///home/masterchiefff/Documents/RippliFy/server/routes/adminRoutes.js:13:38
    at ModuleJob.run (node:internal/modules/esm/module_job:345:25)
    at process.processTicksAndRejections (node:internal/process/task_queues:105:5)
    at async onImport.tracePromise.__proto__ (node:internal/modules/esm/loader:651:26)
    at async asyncRunEntryPointWithESMLoader (node:internal/modules/run_main:117:5)

Node.js v22.19.0
Failed running 'index.js'. Waiting for file changes before restarting...
Restarting 'index.js'
file:///home/masterchiefff/Documents/RippliFy/server/routes/adminRoutes.js:13
router.get('/stats', protect, admin, getPlatformStats);
                                     ^

ReferenceError: getPlatformStats is not defined
    at file:///home/masterchiefff/Documents/RippliFy/server/routes/adminRoutes.js:13:38
    at ModuleJob.run (node:internal/modules/esm/module_job:345:25)
    at process.processTicksAndRejections (node:internal/process/task_queues:105:5)
    at async onImport.tracePromise.__proto__ (node:internal/modules/esm/loader:651:26)
    at async asyncRunEntryPointWithESMLoader (node:internal/modules/run_main:117:5)

Node.js v22.19.0
Failed running 'index.js'. Waiting for file changes before restarting...
Restarting 'index.js'
file:///home/masterchiefff/Documents/RippliFy/server/routes/adminRoutes.js:13
router.get('/stats', protect, admin, getPlatformStats);
                                     ^

ReferenceError: getPlatformStats is not defined
    at file:///home/masterchiefff/Documents/RippliFy/server/routes/adminRoutes.js:13:38
    at ModuleJob.run (node:internal/modules/esm/module_job:345:25)
    at process.processTicksAndRejections (node:internal/process/task_queues:105:5)
    at async onImport.tracePromise.__proto__ (node:internal/modules/esm/loader:651:26)
    at async asyncRunEntryPointWithESMLoader (node:internal/modules/run_main:117:5)

Node.js v22.19.0
Failed running 'index.js'. Waiting for file changes before restarting...
Restarting 'index.js'
[dotenv@17.3.1] injecting env (0) from .env -- tip: ⚙️  write to custom object with { processEnv: myObject }
Realtime Server API is running on port 3001
SQLite Connected & All tables checked.
Restarting 'index.js'
[dotenv@17.3.1] injecting env (0) from .env -- tip: 🔐 prevent committing .env to code: https://dotenvx.com/precommit
Realtime Server API is running on port 3001
SQLite Connected & All tables checked.
Restarting 'index.js'
[dotenv@17.3.1] injecting env (0) from .env -- tip: 🔐 prevent committing .env to code: https://dotenvx.com/precommit
Realtime Server API is running on port 3001
SQLite Connected & All tables checked.
Restarting 'index.js'
[dotenv@17.3.1] injecting env (0) from .env -- tip: 🛡️ auth for agents: https://vestauth.com
Realtime Server API is running on port 3001
SQLite Connected & All tables checked.
Restarting 'index.js'
[dotenv@17.3.1] injecting env (0) from .env -- tip: ⚙️  specify custom .env file path with { path: '/custom/path/.env' }
Realtime Server API is running on port 3001
SQLite Connected & All tables checked.
Restarting 'index.js'
[dotenv@17.3.1] injecting env (0) from .env -- tip: 🔐 encrypt with Dotenvx: https://dotenvx.com
Realtime Server API is running on port 3001
SQLite Connected & All tables checked.
Restarting 'index.js'
[dotenv@17.3.1] injecting env (0) from .env -- tip: ⚙️  load multiple .env files with { path: ['.env.local', '.env'] }
Realtime Server API is running on port 3001
SQLite Connected & All tables checked.
Restarting 'index.js'
[dotenv@17.3.1] injecting env (0) from .env -- tip: ⚙️  load multiple .env files with { path: ['.env.local', '.env'] }
Realtime Server API is running on port 3001
SQLite Connected & All tables checked.
Failed running 'index.js'. Waiting for file changes before restarting...
Restarting 'index.js'
[dotenv@17.3.1] injecting env (0) from .env -- tip: ⚙️  enable debug logging with { debug: true }
Realtime Server API is running on port 3001
SQLite Connected & All tables checked.
Failed running 'index.js'. Waiting for file changes before restarting...
Restarting 'index.js'
[dotenv@17.3.1] injecting env (0) from .env -- tip: 🔐 prevent committing .env to code: https://dotenvx.com/precommit
Realtime Server API is running on port 3001
SQLite Connected & All tables checked.
